
**** Build of configuration Debug for project example6_cmdline ****

"C:\\ti\\ccs1220\\ccs\\utils\\bin\\gmake" all 
 
Building file: "../cmdline.c"
Invoking: Arm Compiler
"C:/ti/ccs1220/ccs/tools/compiler/ti-cgt-arm_20.2.7.LTS/bin/armcl" -mv7M4 --code_state=16 --float_support=FPv4SPD16 -me --include_path="C:/ti/ccs1220/ccs/tools/compiler/ti-cgt-arm_20.2.7.LTS/include" --include_path="C:/ti/TivaWare_C_Series-2.2.0.295" --include_path="D:/A_Minh/A_3rd-year university/A_Coding Embedded System/Tiva Code/Example/example6_cmdline" --define=ccs="ccs" --define=PART_TM4C123GH6PM --gcc --abi=eabi --preproc_with_compile --preproc_dependency="cmdline.d_raw"  "../cmdline.c"
Finished building: "../cmdline.c"
 
Building file: "../command.c"
Invoking: Arm Compiler
"C:/ti/ccs1220/ccs/tools/compiler/ti-cgt-arm_20.2.7.LTS/bin/armcl" -mv7M4 --code_state=16 --float_support=FPv4SPD16 -me --include_path="C:/ti/ccs1220/ccs/tools/compiler/ti-cgt-arm_20.2.7.LTS/include" --include_path="C:/ti/TivaWare_C_Series-2.2.0.295" --include_path="D:/A_Minh/A_3rd-year university/A_Coding Embedded System/Tiva Code/Example/example6_cmdline" --define=ccs="ccs" --define=PART_TM4C123GH6PM --gcc --abi=eabi --preproc_with_compile --preproc_dependency="command.d_raw"  "../command.c"
"../command.c", line 87: warning: function "update_color" declared implicitly
"../command.c", line 87: warning: function "CHARTOBIN" declared implicitly
"../command.c", line 87: warning: function "CHAR2TOBIN" declared implicitly
"../command.c", line 101: warning: function "setADCChannel" declared implicitly
"../command.c", line 101: warning: function "CHARTOBIN" declared implicitly
"../command.c", line 101: warning: function "CHAR2TOBIN" declared implicitly
"../command.c", line 109: warning: function "broadcastADCOutput" declared implicitly
"../command.c", line 109: warning: function "CHAR2TOBIN" declared implicitly
"../command.c", line 124: warning: function "CHARTOBIN" declared implicitly
"../command.c", line 126: warning: function "my_strcmp" declared implicitly
"../command.c", line 128: warning: function "onRelay" declared implicitly
"../command.c", line 133: warning: function "offRelay" declared implicitly
Finished building: "../command.c"
 
Building file: "../main.c"
Invoking: Arm Compiler
"C:/ti/ccs1220/ccs/tools/compiler/ti-cgt-arm_20.2.7.LTS/bin/armcl" -mv7M4 --code_state=16 --float_support=FPv4SPD16 -me --include_path="C:/ti/ccs1220/ccs/tools/compiler/ti-cgt-arm_20.2.7.LTS/include" --include_path="C:/ti/TivaWare_C_Series-2.2.0.295" --include_path="D:/A_Minh/A_3rd-year university/A_Coding Embedded System/Tiva Code/Example/example6_cmdline" --define=ccs="ccs" --define=PART_TM4C123GH6PM --gcc --abi=eabi --preproc_with_compile --preproc_dependency="main.d_raw"  "../main.c"
"../main.c", line 104: warning: argument of type "uint8_t *" is incompatible with parameter of type "char *"
Finished building: "../main.c"
 
Building file: "../tm4c123gh6pm_startup_ccs.c"
Invoking: Arm Compiler
"C:/ti/ccs1220/ccs/tools/compiler/ti-cgt-arm_20.2.7.LTS/bin/armcl" -mv7M4 --code_state=16 --float_support=FPv4SPD16 -me --include_path="C:/ti/ccs1220/ccs/tools/compiler/ti-cgt-arm_20.2.7.LTS/include" --include_path="C:/ti/TivaWare_C_Series-2.2.0.295" --include_path="D:/A_Minh/A_3rd-year university/A_Coding Embedded System/Tiva Code/Example/example6_cmdline" --define=ccs="ccs" --define=PART_TM4C123GH6PM --gcc --abi=eabi --preproc_with_compile --preproc_dependency="tm4c123gh6pm_startup_ccs.d_raw"  "../tm4c123gh6pm_startup_ccs.c"
Finished building: "../tm4c123gh6pm_startup_ccs.c"
 
Building file: "../uartstdio.c"
Invoking: Arm Compiler
"C:/ti/ccs1220/ccs/tools/compiler/ti-cgt-arm_20.2.7.LTS/bin/armcl" -mv7M4 --code_state=16 --float_support=FPv4SPD16 -me --include_path="C:/ti/ccs1220/ccs/tools/compiler/ti-cgt-arm_20.2.7.LTS/include" --include_path="C:/ti/TivaWare_C_Series-2.2.0.295" --include_path="D:/A_Minh/A_3rd-year university/A_Coding Embedded System/Tiva Code/Example/example6_cmdline" --define=ccs="ccs" --define=PART_TM4C123GH6PM --gcc --abi=eabi --preproc_with_compile --preproc_dependency="uartstdio.d_raw"  "../uartstdio.c"
Finished building: "../uartstdio.c"
 
Building target: "example6_cmdline.out"
Invoking: Arm Linker
"C:/ti/ccs1220/ccs/tools/compiler/ti-cgt-arm_20.2.7.LTS/bin/armcl" -mv7M4 --code_state=16 --float_support=FPv4SPD16 -me --define=ccs="ccs" --define=PART_TM4C123GH6PM --gcc --abi=eabi -z -m"app_TM4C123GH6PM_ccs.map" --heap_size=0 --stack_size=512 -i"C:/ti/ccs1220/ccs/tools/compiler/ti-cgt-arm_20.2.7.LTS/lib" --reread_libs --warn_sections --rom_model -o "example6_cmdline.out" "./cmdline.obj" "./command.obj" "./main.obj" "./tm4c123gh6pm_startup_ccs.obj" "./uartstdio.obj" "C:/ti/TivaWare_C_Series-2.2.0.295/driverlib/ccs/Debug/driverlib.lib" "../tm4c123gh6pm.cmd"  -llibc.a 
<Linking>
 
 undefined          first referenced
  symbol                in file     
 ---------          ----------------
 CHAR2TOBIN         ./command.obj   
 CHARTOBIN          ./command.obj   
 broadcastADCOutput ./command.obj   
 g_psCmdTable       ./cmdline.obj   
 my_strcmp          ./command.obj   
 offRelay           ./command.obj   
 onRelay            ./command.obj   
 setADCChannel      ./command.obj   
 update_color       ./command.obj   
 
error: unresolved symbols remain
error: errors encountered during linking; "example6_cmdline.out" not built
 
>> Compilation failure
makefile:139: recipe for target 'example6_cmdline.out' failed
gmake: *** [example6_cmdline.out] Error 1

**** Build Finished ****
