
**** Build of configuration Debug for project example8_multiStateMachine ****

"C:\\ti\\ccs1220\\ccs\\utils\\bin\\gmake" all 
 
Building file: "../led.c"
Invoking: Arm Compiler
"C:/ti/ccs1220/ccs/tools/compiler/ti-cgt-arm_20.2.7.LTS/bin/armcl" -mv7M4 --code_state=16 --float_support=FPv4SPD16 -me --include_path="C:/ti/ccs1220/ccs/tools/compiler/ti-cgt-arm_20.2.7.LTS/include" --include_path="D:/A_Minh/A_3rd-year university/A_Coding Embedded System/Tiva Code/Example/example8_multiStateMachine" --include_path="C:/ti/TivaWare_C_Series-2.2.0.295" --define=ccs="ccs" --define=PART_TM4C123GH6PM --gcc --abi=eabi --preproc_with_compile --preproc_dependency="led.d_raw"  "../led.c"
Finished building: "../led.c"
 
Building file: "../ledGreenStateMachine.c"
Invoking: Arm Compiler
"C:/ti/ccs1220/ccs/tools/compiler/ti-cgt-arm_20.2.7.LTS/bin/armcl" -mv7M4 --code_state=16 --float_support=FPv4SPD16 -me --include_path="C:/ti/ccs1220/ccs/tools/compiler/ti-cgt-arm_20.2.7.LTS/include" --include_path="D:/A_Minh/A_3rd-year university/A_Coding Embedded System/Tiva Code/Example/example8_multiStateMachine" --include_path="C:/ti/TivaWare_C_Series-2.2.0.295" --define=ccs="ccs" --define=PART_TM4C123GH6PM --gcc --abi=eabi --preproc_with_compile --preproc_dependency="ledGreenStateMachine.d_raw"  "../ledGreenStateMachine.c"
Finished building: "../ledGreenStateMachine.c"
 
Building file: "../ledRedStateMachine.c"
Invoking: Arm Compiler
"C:/ti/ccs1220/ccs/tools/compiler/ti-cgt-arm_20.2.7.LTS/bin/armcl" -mv7M4 --code_state=16 --float_support=FPv4SPD16 -me --include_path="C:/ti/ccs1220/ccs/tools/compiler/ti-cgt-arm_20.2.7.LTS/include" --include_path="D:/A_Minh/A_3rd-year university/A_Coding Embedded System/Tiva Code/Example/example8_multiStateMachine" --include_path="C:/ti/TivaWare_C_Series-2.2.0.295" --define=ccs="ccs" --define=PART_TM4C123GH6PM --gcc --abi=eabi --preproc_with_compile --preproc_dependency="ledRedStateMachine.d_raw"  "../ledRedStateMachine.c"
Finished building: "../ledRedStateMachine.c"
 
Building file: "../main.c"
Invoking: Arm Compiler
"C:/ti/ccs1220/ccs/tools/compiler/ti-cgt-arm_20.2.7.LTS/bin/armcl" -mv7M4 --code_state=16 --float_support=FPv4SPD16 -me --include_path="C:/ti/ccs1220/ccs/tools/compiler/ti-cgt-arm_20.2.7.LTS/include" --include_path="D:/A_Minh/A_3rd-year university/A_Coding Embedded System/Tiva Code/Example/example8_multiStateMachine" --include_path="C:/ti/TivaWare_C_Series-2.2.0.295" --define=ccs="ccs" --define=PART_TM4C123GH6PM --gcc --abi=eabi --preproc_with_compile --preproc_dependency="main.d_raw"  "../main.c"
"../main.c", line 113: warning: variable "ui32PrevCount" was declared but never referenced
Finished building: "../main.c"
 
Building file: "../switches.c"
Invoking: Arm Compiler
"C:/ti/ccs1220/ccs/tools/compiler/ti-cgt-arm_20.2.7.LTS/bin/armcl" -mv7M4 --code_state=16 --float_support=FPv4SPD16 -me --include_path="C:/ti/ccs1220/ccs/tools/compiler/ti-cgt-arm_20.2.7.LTS/include" --include_path="D:/A_Minh/A_3rd-year university/A_Coding Embedded System/Tiva Code/Example/example8_multiStateMachine" --include_path="C:/ti/TivaWare_C_Series-2.2.0.295" --define=ccs="ccs" --define=PART_TM4C123GH6PM --gcc --abi=eabi --preproc_with_compile --preproc_dependency="switches.d_raw"  "../switches.c"
"../switches.c", line 44: warning: missing return statement at end of non-void function "switchState"
Finished building: "../switches.c"
 
Building file: "../tm4c123gh6pm_startup_ccs.c"
Invoking: Arm Compiler
"C:/ti/ccs1220/ccs/tools/compiler/ti-cgt-arm_20.2.7.LTS/bin/armcl" -mv7M4 --code_state=16 --float_support=FPv4SPD16 -me --include_path="C:/ti/ccs1220/ccs/tools/compiler/ti-cgt-arm_20.2.7.LTS/include" --include_path="D:/A_Minh/A_3rd-year university/A_Coding Embedded System/Tiva Code/Example/example8_multiStateMachine" --include_path="C:/ti/TivaWare_C_Series-2.2.0.295" --define=ccs="ccs" --define=PART_TM4C123GH6PM --gcc --abi=eabi --preproc_with_compile --preproc_dependency="tm4c123gh6pm_startup_ccs.d_raw"  "../tm4c123gh6pm_startup_ccs.c"
Finished building: "../tm4c123gh6pm_startup_ccs.c"
 
Building file: "../uartstdio.c"
Invoking: Arm Compiler
"C:/ti/ccs1220/ccs/tools/compiler/ti-cgt-arm_20.2.7.LTS/bin/armcl" -mv7M4 --code_state=16 --float_support=FPv4SPD16 -me --include_path="C:/ti/ccs1220/ccs/tools/compiler/ti-cgt-arm_20.2.7.LTS/include" --include_path="D:/A_Minh/A_3rd-year university/A_Coding Embedded System/Tiva Code/Example/example8_multiStateMachine" --include_path="C:/ti/TivaWare_C_Series-2.2.0.295" --define=ccs="ccs" --define=PART_TM4C123GH6PM --gcc --abi=eabi --preproc_with_compile --preproc_dependency="uartstdio.d_raw"  "../uartstdio.c"
Finished building: "../uartstdio.c"
 
Building target: "example8_multiStateMachine.out"
Invoking: Arm Linker
"C:/ti/ccs1220/ccs/tools/compiler/ti-cgt-arm_20.2.7.LTS/bin/armcl" -mv7M4 --code_state=16 --float_support=FPv4SPD16 -me --define=ccs="ccs" --define=PART_TM4C123GH6PM --gcc --abi=eabi -z -m"app_TM4C123GH6PM_ccs.map" --heap_size=0 --stack_size=512 -i"C:/ti/ccs1220/ccs/tools/compiler/ti-cgt-arm_20.2.7.LTS/lib" --reread_libs --warn_sections --rom_model -o "example8_multiStateMachine.out" "./led.obj" "./ledGreenStateMachine.obj" "./ledRedStateMachine.obj" "./main.obj" "./switches.obj" "./tm4c123gh6pm_startup_ccs.obj" "./uartstdio.obj" "C:/ti/TivaWare_C_Series-2.2.0.295/driverlib/ccs/Debug/driverlib.lib" "../tm4c123gh6pm.cmd"  -llibc.a 
<Linking>
Finished building target: "example8_multiStateMachine.out"
 

**** Build Finished ****
